Using pre-set license
Built from '2020.3/staging' branch; Version is '2020.3.17f1 (a4537701e4ab) revision 10769271'; Using compiler version '192528614'; Build Type 'Release'
OS: 'Windows 10 Home Single Language; OS build 19043.1288; Version 2009; 64bit' Language: 'en' Physical Memory: 7959 MB
BatchMode: 1, IsHumanControllingUs: 0, StartBugReporterOnCrash: 0, Is64bit: 1, IsPro: 0

COMMAND LINE ARGUMENTS:
E:\VIT\2020.3.17f1\Editor\Unity.exe
-adb2
-batchMode
-noUpm
-name
AssetImportWorker0
-projectPath
E:/VIT/Vit_mnp/ARTutorial
-logFile
Logs/AssetImportWorker0.log
-srvPort
51712
Successfully changed project path to: E:/VIT/Vit_mnp/ARTutorial
E:/VIT/Vit_mnp/ARTutorial
Using Asset Import Pipeline V2.
Refreshing native plugins compatible for Editor in 35.13 ms, found 2 plugins.
Preloading 0 native plugins for Editor in 0.00 ms.
Initialize engine version: 2020.3.17f1 (a4537701e4ab)
[Subsystems] Discovering subsystems at path E:/VIT/2020.3.17f1/Editor/Data/Resources/UnitySubsystems
[Subsystems] Discovering subsystems at path E:/VIT/Vit_mnp/ARTutorial/Assets
GfxDevice: creating device client; threaded=0
Direct3D:
    Version:  Direct3D 11.0 [level 11.1]
    Renderer: Intel(R) UHD Graphics (ID=0x8a56)
    Vendor:   
    VRAM:     3979 MB
    Driver:   27.20.100.9365
Initialize mono
Mono path[0] = 'E:/VIT/2020.3.17f1/Editor/Data/Managed'
Mono path[1] = 'E:/VIT/2020.3.17f1/Editor/Data/MonoBleedingEdge/lib/mono/unityjit'
Mono config path = 'E:/VIT/2020.3.17f1/Editor/Data/MonoBleedingEdge/etc'
Using monoOptions --debugger-agent=transport=dt_socket,embedding=1,server=y,suspend=n,address=127.0.0.1:56180
Begin MonoManager ReloadAssembly
Registering precompiled unity dll's ...
Register platform support module: E:/VIT/2020.3.17f1/Editor/Data/PlaybackEngines/WebGLSupport/UnityEditor.WebGL.Extensions.dll
Register platform support module: E:/VIT/2020.3.17f1/Editor/Data/PlaybackEngines/WindowsStandaloneSupport/UnityEditor.WindowsStandalone.Extensions.dll
Registered in 0.000992 seconds.
Native extension for WindowsStandalone target not found
Native extension for WebGL target not found
Refreshing native plugins compatible for Editor in 34.67 ms, found 2 plugins.
Preloading 0 native plugins for Editor in 0.00 ms.
Mono: successfully reloaded assembly
- Completed reload, in  1.563 seconds
Domain Reload Profiling:
	ReloadAssembly (1564ms)
		BeginReloadAssembly (64ms)
			ExecutionOrderSort (0ms)
			DisableScriptedObjects (0ms)
			BackupInstance (0ms)
			ReleaseScriptingObjects (0ms)
			CreateAndSetChildDomain (1ms)
		EndReloadAssembly (494ms)
			LoadAssemblies (63ms)
			RebuildTransferFunctionScriptingTraits (0ms)
			SetupTypeCache (149ms)
			ReleaseScriptCaches (0ms)
			RebuildScriptCaches (28ms)
			SetupLoadedEditorAssemblies (155ms)
				LogAssemblyErrors (0ms)
				InitializePlatformSupportModulesInManaged (6ms)
				SetLoadedEditorAssemblies (0ms)
				RefreshPlugins (35ms)
				BeforeProcessingInitializeOnLoad (10ms)
				ProcessInitializeOnLoadAttributes (77ms)
				ProcessInitializeOnLoadMethodAttributes (27ms)
				AfterProcessingInitializeOnLoad (0ms)
				EditorAssembliesLoaded (0ms)
			ExecutionOrderSort2 (0ms)
			AwakeInstancesAfterBackupRestoration (0ms)
Platform modules already initialized, skipping
Registering precompiled user dll's ...
Registered in 0.002491 seconds.
Begin MonoManager ReloadAssembly
Native extension for WindowsStandalone target not found
Native extension for WebGL target not found
Refreshing native plugins compatible for Editor in 0.38 ms, found 2 plugins.
Preloading 0 native plugins for Editor in 0.00 ms.
Mono: successfully reloaded assembly
- Completed reload, in  0.996 seconds
Domain Reload Profiling:
	ReloadAssembly (996ms)
		BeginReloadAssembly (123ms)
			ExecutionOrderSort (0ms)
			DisableScriptedObjects (4ms)
			BackupInstance (0ms)
			ReleaseScriptingObjects (0ms)
			CreateAndSetChildDomain (17ms)
		EndReloadAssembly (824ms)
			LoadAssemblies (78ms)
			RebuildTransferFunctionScriptingTraits (0ms)
			SetupTypeCache (246ms)
			ReleaseScriptCaches (0ms)
			RebuildScriptCaches (44ms)
			SetupLoadedEditorAssemblies (368ms)
				LogAssemblyErrors (0ms)
				InitializePlatformSupportModulesInManaged (5ms)
				SetLoadedEditorAssemblies (1ms)
				RefreshPlugins (0ms)
				BeforeProcessingInitializeOnLoad (58ms)
				ProcessInitializeOnLoadAttributes (298ms)
				ProcessInitializeOnLoadMethodAttributes (4ms)
				AfterProcessingInitializeOnLoad (2ms)
				EditorAssembliesLoaded (0ms)
			ExecutionOrderSort2 (0ms)
			AwakeInstancesAfterBackupRestoration (6ms)
Platform modules already initialized, skipping
========================================================================
Worker process is ready to serve import requests
Launched and connected shader compiler UnityShaderCompiler.exe after 0.08 seconds
Refreshing native plugins compatible for Editor in 0.71 ms, found 2 plugins.
Preloading 0 native plugins for Editor in 0.00 ms.
Unloading 1799 Unused Serialized files (Serialized files now loaded: 0)
System memory in use before: 98.2 MB.
System memory in use after: 98.3 MB.

Unloading 19 unused Assets to reduce memory usage. Loaded Objects now: 2258.
Total: 5.206700 ms (FindLiveObjects: 0.358900 ms CreateObjectMapping: 0.188900 ms MarkObjects: 4.518200 ms  DeleteObjects: 0.138200 ms)

AssetImportParameters requested are different than current active one (requested -> active):
  custom:framework-win-MediaFoundation: 216162199b28c13a410421893ffa2e32 -> 
  custom:video-decoder-ogg-theora: a1e56fd34408186e4bbccfd4996cb3dc -> 
  custom:container-muxer-webm: aa71ff27fc2769a1b78a27578f13a17b -> 
  custom:container-demuxer-webm: 4f35f7cbe854078d1ac9338744f61a02 -> 
  custom:container-demuxer-ogg: 62fdf1f143b41e24485cea50d1cbac27 -> 
  custom:video-encoder-webm-vp8: eb34c28f22e8b96e1ab97ce403110664 -> 
  custom:video-codec-MediaFoundation-h265: 746d11721c4dcdbdad8f713fa42b33f4 -> 
  custom:video-decoder-webm-vp8: 9c59270c3fd7afecdb556c50c9e8de78 -> 
  custom:audio-decoder-ogg-vorbis: bf7c407c2cedff20999df2af8eb42d56 -> 
  custom:audio-encoder-webm-vorbis: bf7c407c2cedff20999df2af8eb42d56 -> 
========================================================================
Received Import Request.
  path: Assets/Textures
  artifactKey: Guid(26c94782ca923b342b93dfa048082eb1) Importer(815301076,1909f56bfc062723c751e8b465ee728b)
Start importing Assets/Textures using Guid(26c94782ca923b342b93dfa048082eb1) Importer(815301076,1909f56bfc062723c751e8b465ee728b)  -> (artifact id: '20e672b55463b998be0414c21aed5cae') in 0.035493 seconds 
  Import took 0.162079 seconds .

========================================================================
Received Import Request.
  Time since last request: 47.146104 seconds.
  path: Assets/Textures/TEX_Sofa_Soviet_NR.png
  artifactKey: Guid(e2b3604b5b6243f41a82253ca363736a) Importer(815301076,1909f56bfc062723c751e8b465ee728b)
Start importing Assets/Textures/TEX_Sofa_Soviet_NR.png using Guid(e2b3604b5b6243f41a82253ca363736a) Importer(815301076,1909f56bfc062723c751e8b465ee728b)  -> (artifact id: '5e9424764953b0ac842e5051205cb7f2') in 0.157025 seconds 
  Import took 0.225887 seconds .

========================================================================
Received Import Request.
  Time since last request: 0.000243 seconds.
  path: Assets/Textures/TEX_Sofa_Soviet_AL.png
  artifactKey: Guid(b697ebc85d1ccfe44870946f43a539e1) Importer(815301076,1909f56bfc062723c751e8b465ee728b)
Start importing Assets/Textures/TEX_Sofa_Soviet_AL.png using Guid(b697ebc85d1ccfe44870946f43a539e1) Importer(815301076,1909f56bfc062723c751e8b465ee728b)  -> (artifact id: 'aaede93d879bf4a399a61343b80f29ce') in 0.063917 seconds 
  Import took 0.166949 seconds .

========================================================================
Received Import Request.
  Time since last request: 0.000354 seconds.
  path: Assets/Textures/TEX_Sofa_Soviet_MS.png
  artifactKey: Guid(90fc8bc61dce4354a8e32b0ff1140adc) Importer(815301076,1909f56bfc062723c751e8b465ee728b)
Start importing Assets/Textures/TEX_Sofa_Soviet_MS.png using Guid(90fc8bc61dce4354a8e32b0ff1140adc) Importer(815301076,1909f56bfc062723c751e8b465ee728b)  -> (artifact id: '16f99a21c09012538eafacc17e7f8e8d') in 0.094225 seconds 
  Import took 0.189817 seconds .

========================================================================
Received Import Request.
  Time since last request: 0.000353 seconds.
  path: Assets/Textures/TEX_Sofa_Soviet_AO.png
  artifactKey: Guid(29a3b45f749ee554291657bb60bc2bb6) Importer(815301076,1909f56bfc062723c751e8b465ee728b)
Start importing Assets/Textures/TEX_Sofa_Soviet_AO.png using Guid(29a3b45f749ee554291657bb60bc2bb6) Importer(815301076,1909f56bfc062723c751e8b465ee728b)  -> (artifact id: 'bbb81d02d0765cb8d1a18c7ea437aee6') in 0.067410 seconds 
  Import took 0.101748 seconds .

========================================================================
Received Import Request.
  Time since last request: 94.268545 seconds.
  path: Assets/Sofa.mat
  artifactKey: Guid(1ab348a78847be04fa3905442b82a57d) Importer(815301076,1909f56bfc062723c751e8b465ee728b)
Start importing Assets/Sofa.mat using Guid(1ab348a78847be04fa3905442b82a57d) Importer(815301076,1909f56bfc062723c751e8b465ee728b)  -> (artifact id: '4e34a11c078927669e29e7b7e62d28f4') in 0.144907 seconds 
  Import took 0.159743 seconds .

========================================================================
Received Import Request.
  Time since last request: 53.498761 seconds.
  path: Assets/Lean/Touch/Examples/Media/FingerVisualization.png
  artifactKey: Guid(25c48be3a87ea0f489a6d41c9c9a2194) Importer(815301076,1909f56bfc062723c751e8b465ee728b)
Start importing Assets/Lean/Touch/Examples/Media/FingerVisualization.png using Guid(25c48be3a87ea0f489a6d41c9c9a2194) Importer(815301076,1909f56bfc062723c751e8b465ee728b)  -> (artifact id: 'f11edf315e80609ea4eb81317577b8a6') in 0.110597 seconds 
  Import took 0.208073 seconds .

========================================================================
Received Import Request.
  Time since last request: 0.000605 seconds.
  path: Assets/Lean/Touch/Examples/Media/FingerVisualization.png
  artifactKey: Guid(25c48be3a87ea0f489a6d41c9c9a2194) Importer(815301076,1909f56bfc062723c751e8b465ee728b)
Start importing Assets/Lean/Touch/Examples/Media/FingerVisualization.png using Guid(25c48be3a87ea0f489a6d41c9c9a2194) Importer(815301076,1909f56bfc062723c751e8b465ee728b)  -> (artifact id: 'f11edf315e80609ea4eb81317577b8a6') in 0.005310 seconds 
  Import took 0.008702 seconds .

========================================================================
Received Import Request.
  Time since last request: 0.877800 seconds.
  path: Assets/Lean/Touch/Examples/Media/GlowingLine.png
  artifactKey: Guid(1e8362097aaf1d5418f5e5a083f842e9) Importer(815301076,1909f56bfc062723c751e8b465ee728b)
Start importing Assets/Lean/Touch/Examples/Media/GlowingLine.png using Guid(1e8362097aaf1d5418f5e5a083f842e9) Importer(815301076,1909f56bfc062723c751e8b465ee728b)  -> (artifact id: 'b268cce75566bc9ef74f31669c46485d') in 0.031822 seconds 
  Import took 0.099325 seconds .

========================================================================
Received Import Request.
  Time since last request: 0.000273 seconds.
  path: Assets/Lean/Touch/Examples/Media/GlowingTrail.png
  artifactKey: Guid(8aa2527d78a48b5429dff156ab3641aa) Importer(815301076,1909f56bfc062723c751e8b465ee728b)
Start importing Assets/Lean/Touch/Examples/Media/GlowingTrail.png using Guid(8aa2527d78a48b5429dff156ab3641aa) Importer(815301076,1909f56bfc062723c751e8b465ee728b)  -> (artifact id: '294312ceb9174e2b7b82773c565ece19') in 0.050848 seconds 
  Import took 0.165887 seconds .

========================================================================
Received Import Request.
  Time since last request: 0.000274 seconds.
  path: Assets/Lean/Common/Examples/Textures/Heart.png
  artifactKey: Guid(6904a5e63b2f0674e90fe676a13ed777) Importer(815301076,1909f56bfc062723c751e8b465ee728b)
Start importing Assets/Lean/Common/Examples/Textures/Heart.png using Guid(6904a5e63b2f0674e90fe676a13ed777) Importer(815301076,1909f56bfc062723c751e8b465ee728b)  -> (artifact id: 'cd3e16145e4ba91f4f06ba94792b3445') in 0.078673 seconds 
  Import took 0.109962 seconds .

========================================================================
Received Import Request.
  Time since last request: 0.000277 seconds.
  path: Assets/Lean/Common/Examples/Textures/Grid.png
  artifactKey: Guid(026cfa8e99aa0914faa770f5d4c58a23) Importer(815301076,1909f56bfc062723c751e8b465ee728b)
Start importing Assets/Lean/Common/Examples/Textures/Grid.png using Guid(026cfa8e99aa0914faa770f5d4c58a23) Importer(815301076,1909f56bfc062723c751e8b465ee728b)  -> (artifact id: '4e1d76124fe13bffa155774942539380') in 0.045835 seconds 
  Import took 0.049003 seconds .

========================================================================
Received Import Request.
  Time since last request: 0.005940 seconds.
  path: Assets/Lean/Common/Examples/Textures/Grid.png
  artifactKey: Guid(026cfa8e99aa0914faa770f5d4c58a23) Importer(815301076,1909f56bfc062723c751e8b465ee728b)
Start importing Assets/Lean/Common/Examples/Textures/Grid.png using Guid(026cfa8e99aa0914faa770f5d4c58a23) Importer(815301076,1909f56bfc062723c751e8b465ee728b)  -> (artifact id: '4e1d76124fe13bffa155774942539380') in 0.006474 seconds 
  Import took 0.009821 seconds .

========================================================================
Received Import Request.
  Time since last request: 0.148659 seconds.
  path: Assets/Lean/Common/Examples/Textures/Left.png
  artifactKey: Guid(8548d034b532fc64f9e26ecfe5f35ff7) Importer(815301076,1909f56bfc062723c751e8b465ee728b)
Start importing Assets/Lean/Common/Examples/Textures/Left.png using Guid(8548d034b532fc64f9e26ecfe5f35ff7) Importer(815301076,1909f56bfc062723c751e8b465ee728b)  -> (artifact id: '72330e381158a1bc4059389c0237d2cb') in 0.042473 seconds 
  Import took 0.083040 seconds .

========================================================================
Received Import Request.
  Time since last request: 0.000242 seconds.
  path: Assets/Lean/Common/Examples/Textures/Right.png
  artifactKey: Guid(873b489a73575b14fa7f49597735beaa) Importer(815301076,1909f56bfc062723c751e8b465ee728b)
Start importing Assets/Lean/Common/Examples/Textures/Right.png using Guid(873b489a73575b14fa7f49597735beaa) Importer(815301076,1909f56bfc062723c751e8b465ee728b)  -> (artifact id: 'f031a5289cdc3126ff3344d7461894d2') in 0.049931 seconds 
  Import took 0.086642 seconds .

========================================================================
Received Import Request.
  Time since last request: 0.000325 seconds.
  path: Assets/Lean/Common/Examples/Textures/Left.png
  artifactKey: Guid(8548d034b532fc64f9e26ecfe5f35ff7) Importer(815301076,1909f56bfc062723c751e8b465ee728b)
Start importing Assets/Lean/Common/Examples/Textures/Left.png using Guid(8548d034b532fc64f9e26ecfe5f35ff7) Importer(815301076,1909f56bfc062723c751e8b465ee728b)  -> (artifact id: '72330e381158a1bc4059389c0237d2cb') in 0.013761 seconds 
  Import took 0.018265 seconds .

========================================================================
Received Import Request.
  Time since last request: 0.000295 seconds.
  path: Assets/Lean/Touch/Examples/Media/Square.png
  artifactKey: Guid(acc73d9fcd4c1f1418c2e41248a0bc6b) Importer(815301076,1909f56bfc062723c751e8b465ee728b)
Start importing Assets/Lean/Touch/Examples/Media/Square.png using Guid(acc73d9fcd4c1f1418c2e41248a0bc6b) Importer(815301076,1909f56bfc062723c751e8b465ee728b)  -> (artifact id: 'cc9040c2cdae63937cfa6fe39bf237e5') in 0.050980 seconds 
  Import took 0.108678 seconds .

========================================================================
Received Import Request.
  Time since last request: 0.000307 seconds.
  path: Assets/Lean/Touch/Examples/Media/Plus.png
  artifactKey: Guid(db2224dd326a6f447817905cfc1a363f) Importer(815301076,1909f56bfc062723c751e8b465ee728b)
Start importing Assets/Lean/Touch/Examples/Media/Plus.png using Guid(db2224dd326a6f447817905cfc1a363f) Importer(815301076,1909f56bfc062723c751e8b465ee728b)  -> (artifact id: '16f484043e474a3ee137db4ed53a0cca') in 0.051223 seconds 
  Import took 0.054205 seconds .

========================================================================
Received Import Request.
  Time since last request: 0.000273 seconds.
  path: Assets/Lean/Touch/Examples/Media/Logo+.png
  artifactKey: Guid(9674de981b92a37429713c21f4b149ff) Importer(815301076,1909f56bfc062723c751e8b465ee728b)
Start importing Assets/Lean/Touch/Examples/Media/Logo+.png using Guid(9674de981b92a37429713c21f4b149ff) Importer(815301076,1909f56bfc062723c751e8b465ee728b)  -> (artifact id: '62ae996a074a1244c9c05c11994a1ee0') in 0.040030 seconds 
  Import took 0.082024 seconds .

========================================================================
Received Import Request.
  Time since last request: 89.199316 seconds.
  path: Assets/Sofa.mat
  artifactKey: Guid(1ab348a78847be04fa3905442b82a57d) Importer(815301076,1909f56bfc062723c751e8b465ee728b)
Start importing Assets/Sofa.mat using Guid(1ab348a78847be04fa3905442b82a57d) Importer(815301076,1909f56bfc062723c751e8b465ee728b)  -> (artifact id: '4eacb841111a6b1f3f55217262fd685e') in 0.163570 seconds 
  Import took 0.226454 seconds .

========================================================================
Received Import Request.
  Time since last request: 28.455926 seconds.
  path: Assets/SofaObject.prefab
  artifactKey: Guid(131921669805599488c98aeec7f12c1c) Importer(815301076,1909f56bfc062723c751e8b465ee728b)
Start importing Assets/SofaObject.prefab using Guid(131921669805599488c98aeec7f12c1c) Importer(815301076,1909f56bfc062723c751e8b465ee728b)  -> (artifact id: 'ae3d53bce44262d7207e8a213b36845c') in 0.100519 seconds 
  Import took 0.112409 seconds .

========================================================================
Received Import Request.
  Time since last request: 81.050410 seconds.
  path: Assets/Textures/albedo_noga.png
  artifactKey: Guid(c4c51ee958a5a904b9262082eacf4cb6) Importer(815301076,1909f56bfc062723c751e8b465ee728b)
Start importing Assets/Textures/albedo_noga.png using Guid(c4c51ee958a5a904b9262082eacf4cb6) Importer(815301076,1909f56bfc062723c751e8b465ee728b)  -> (artifact id: 'a9c23bee43ee1c96e828810dd1bfd9ff') in 0.072861 seconds 
  Import took 0.130288 seconds .

========================================================================
Received Import Request.
  Time since last request: 0.000485 seconds.
  path: Assets/Textures/albedo_blat.png
  artifactKey: Guid(1079321ffb3a27e49bad0f3855297a16) Importer(815301076,1909f56bfc062723c751e8b465ee728b)
Start importing Assets/Textures/albedo_blat.png using Guid(1079321ffb3a27e49bad0f3855297a16) Importer(815301076,1909f56bfc062723c751e8b465ee728b)  -> (artifact id: 'c8a3f6dcfc817780f5463ec930a4ef80') in 0.072314 seconds 
  Import took 0.139436 seconds .

========================================================================
Received Import Request.
  Time since last request: 15.384065 seconds.
  path: Assets/Table.mat
  artifactKey: Guid(1269ac8eb5d5ff046987eff801f329b7) Importer(815301076,1909f56bfc062723c751e8b465ee728b)
Start importing Assets/Table.mat using Guid(1269ac8eb5d5ff046987eff801f329b7) Importer(815301076,1909f56bfc062723c751e8b465ee728b)  -> (artifact id: '0ac17a4d31f3d2873cfbf6cdef5b1724') in 0.028882 seconds 
  Import took 0.039962 seconds .

========================================================================
Received Import Request.
  Time since last request: 89.812788 seconds.
  path: Assets/Table.mat
  artifactKey: Guid(1269ac8eb5d5ff046987eff801f329b7) Importer(815301076,1909f56bfc062723c751e8b465ee728b)
Start importing Assets/Table.mat using Guid(1269ac8eb5d5ff046987eff801f329b7) Importer(815301076,1909f56bfc062723c751e8b465ee728b)  -> (artifact id: '66a20e24fb19c12842ce6db68797c69c') in 0.063006 seconds 
  Import took 0.117088 seconds .

========================================================================
Received Import Request.
  Time since last request: 9.310012 seconds.
  path: Assets/Table.prefab
  artifactKey: Guid(021dd23e77b460644ba27394b00af0f4) Importer(815301076,1909f56bfc062723c751e8b465ee728b)
Start importing Assets/Table.prefab using Guid(021dd23e77b460644ba27394b00af0f4) Importer(815301076,1909f56bfc062723c751e8b465ee728b)  -> (artifact id: '16729d1c39b63721cd9a74e93dc83c02') in 0.081555 seconds 
  Import took 0.086300 seconds .

========================================================================
Received Import Request.
  Time since last request: 106.492289 seconds.
  path: Assets/Chair.mat
  artifactKey: Guid(adc05f0c37d31cb4e82504262f1cd555) Importer(815301076,1909f56bfc062723c751e8b465ee728b)
Start importing Assets/Chair.mat using Guid(adc05f0c37d31cb4e82504262f1cd555) Importer(815301076,1909f56bfc062723c751e8b465ee728b)  -> (artifact id: 'a756ddc76ff22fdeaaf4e74b0773ac91') in 0.031025 seconds 
  Import took 0.059672 seconds .

========================================================================
Received Import Request.
  Time since last request: 31.733525 seconds.
  path: Assets/Textures/Albedo.png
  artifactKey: Guid(6bf772db55b08754dba0cae0371b59b7) Importer(815301076,1909f56bfc062723c751e8b465ee728b)
Start importing Assets/Textures/Albedo.png using Guid(6bf772db55b08754dba0cae0371b59b7) Importer(815301076,1909f56bfc062723c751e8b465ee728b)  -> (artifact id: 'fadf03f864725059d718dce7d837d164') in 0.072621 seconds 
  Import took 0.280407 seconds .

========================================================================
Received Import Request.
  Time since last request: 23.372512 seconds.
  path: Assets/Chair.mat
  artifactKey: Guid(adc05f0c37d31cb4e82504262f1cd555) Importer(815301076,1909f56bfc062723c751e8b465ee728b)
Start importing Assets/Chair.mat using Guid(adc05f0c37d31cb4e82504262f1cd555) Importer(815301076,1909f56bfc062723c751e8b465ee728b)  -> (artifact id: '209d556bf527357aa4eae8bb922b47b2') in 0.069330 seconds 
  Import took 0.073247 seconds .

========================================================================
Received Import Request.
  Time since last request: 18.920703 seconds.
  path: Assets/Chair.prefab
  artifactKey: Guid(b840affdd164da04a8999e0177a3bbe8) Importer(815301076,1909f56bfc062723c751e8b465ee728b)
Start importing Assets/Chair.prefab using Guid(b840affdd164da04a8999e0177a3bbe8) Importer(815301076,1909f56bfc062723c751e8b465ee728b)  -> (artifact id: '6ea94f621bcf323d02ac4517741dad94') in 0.091782 seconds 
  Import took 0.099519 seconds .

========================================================================
Received Import Request.
  Time since last request: 0.001281 seconds.
  path: Assets/Chair.prefab
  artifactKey: Guid(b840affdd164da04a8999e0177a3bbe8) Importer(815301076,1909f56bfc062723c751e8b465ee728b)
Start importing Assets/Chair.prefab using Guid(b840affdd164da04a8999e0177a3bbe8) Importer(815301076,1909f56bfc062723c751e8b465ee728b)  -> (artifact id: '6ea94f621bcf323d02ac4517741dad94') in 0.087456 seconds 
  Import took 0.091060 seconds .

========================================================================
Received Prepare
Refreshing native plugins compatible for Editor in 2.85 ms, found 2 plugins.
Preloading 0 native plugins for Editor in 0.00 ms.
Unloading 12 Unused Serialized files (Serialized files now loaded: 0)
System memory in use before: 65.9 MB.
System memory in use after: 66.0 MB.

Unloading 11 unused Assets to reduce memory usage. Loaded Objects now: 2310.
Total: 4.195900 ms (FindLiveObjects: 0.153500 ms CreateObjectMapping: 0.048200 ms MarkObjects: 3.971000 ms  DeleteObjects: 0.022200 ms)

AssetImportParameters requested are different than current active one (requested -> active):
  custom:framework-win-MediaFoundation: 216162199b28c13a410421893ffa2e32 -> 
  custom:video-decoder-ogg-theora: a1e56fd34408186e4bbccfd4996cb3dc -> 
  custom:container-muxer-webm: aa71ff27fc2769a1b78a27578f13a17b -> 
  custom:container-demuxer-webm: 4f35f7cbe854078d1ac9338744f61a02 -> 
  custom:container-demuxer-ogg: 62fdf1f143b41e24485cea50d1cbac27 -> 
  custom:video-encoder-webm-vp8: eb34c28f22e8b96e1ab97ce403110664 -> 
  custom:video-codec-MediaFoundation-h265: 746d11721c4dcdbdad8f713fa42b33f4 -> 
  custom:video-decoder-webm-vp8: 9c59270c3fd7afecdb556c50c9e8de78 -> 
  custom:audio-decoder-ogg-vorbis: bf7c407c2cedff20999df2af8eb42d56 -> 
  custom:audio-encoder-webm-vorbis: bf7c407c2cedff20999df2af8eb42d56 -> 
========================================================================
Received Import Request.
  Time since last request: 263.139534 seconds.
  path: Assets/StreamingAssets
  artifactKey: Guid(8c73e2f71d50d594cb64f962904d1d1c) Importer(815301076,1909f56bfc062723c751e8b465ee728b)
Start importing Assets/StreamingAssets using Guid(8c73e2f71d50d594cb64f962904d1d1c) Importer(815301076,1909f56bfc062723c751e8b465ee728b)  -> (artifact id: '4e8c286ab40f99f8f287387f4ad96361') in 0.023886 seconds 
  Import took 0.030275 seconds .

========================================================================
Received Prepare
Refreshing native plugins compatible for Editor in 2.27 ms, found 2 plugins.
Preloading 0 native plugins for Editor in 0.00 ms.
Unloading 11 Unused Serialized files (Serialized files now loaded: 0)
System memory in use before: 65.8 MB.
System memory in use after: 65.9 MB.

Unloading 11 unused Assets to reduce memory usage. Loaded Objects now: 2310.
Total: 4.481700 ms (FindLiveObjects: 0.154500 ms CreateObjectMapping: 0.045500 ms MarkObjects: 4.223000 ms  DeleteObjects: 0.057700 ms)

AssetImportParameters requested are different than current active one (requested -> active):
  custom:framework-win-MediaFoundation: 216162199b28c13a410421893ffa2e32 -> 
  custom:video-decoder-ogg-theora: a1e56fd34408186e4bbccfd4996cb3dc -> 
  custom:container-muxer-webm: aa71ff27fc2769a1b78a27578f13a17b -> 
  custom:container-demuxer-webm: 4f35f7cbe854078d1ac9338744f61a02 -> 
  custom:container-demuxer-ogg: 62fdf1f143b41e24485cea50d1cbac27 -> 
  custom:video-encoder-webm-vp8: eb34c28f22e8b96e1ab97ce403110664 -> 
  custom:video-codec-MediaFoundation-h265: 746d11721c4dcdbdad8f713fa42b33f4 -> 
  custom:video-decoder-webm-vp8: 9c59270c3fd7afecdb556c50c9e8de78 -> 
  custom:audio-decoder-ogg-vorbis: bf7c407c2cedff20999df2af8eb42d56 -> 
  custom:audio-encoder-webm-vorbis: bf7c407c2cedff20999df2af8eb42d56 -> 
========================================================================
Received Prepare
Refreshing native plugins compatible for Editor in 210.33 ms, found 2 plugins.
Preloading 0 native plugins for Editor in 0.00 ms.
Unloading 11 Unused Serialized files (Serialized files now loaded: 0)
System memory in use before: 65.8 MB.
System memory in use after: 65.9 MB.

Unloading 11 unused Assets to reduce memory usage. Loaded Objects now: 2310.
Total: 4.560700 ms (FindLiveObjects: 0.193200 ms CreateObjectMapping: 0.075000 ms MarkObjects: 4.266700 ms  DeleteObjects: 0.022800 ms)

AssetImportParameters requested are different than current active one (requested -> active):
  custom:framework-win-MediaFoundation: 216162199b28c13a410421893ffa2e32 -> 
  custom:video-decoder-ogg-theora: a1e56fd34408186e4bbccfd4996cb3dc -> 
  custom:container-muxer-webm: aa71ff27fc2769a1b78a27578f13a17b -> 
  custom:container-demuxer-webm: 4f35f7cbe854078d1ac9338744f61a02 -> 
  custom:container-demuxer-ogg: 62fdf1f143b41e24485cea50d1cbac27 -> 
  custom:video-encoder-webm-vp8: eb34c28f22e8b96e1ab97ce403110664 -> 
  custom:video-codec-MediaFoundation-h265: 746d11721c4dcdbdad8f713fa42b33f4 -> 
  custom:video-decoder-webm-vp8: 9c59270c3fd7afecdb556c50c9e8de78 -> 
  custom:audio-decoder-ogg-vorbis: bf7c407c2cedff20999df2af8eb42d56 -> 
  custom:audio-encoder-webm-vorbis: bf7c407c2cedff20999df2af8eb42d56 -> 
AssetImportWorkerClient::OnTransportError - code=2 error=End of file
